<?xml version="1.0" encoding="utf-8"?><testsuites name="pytest tests"><testsuite name="pytest" errors="0" failures="0" skipped="0" tests="22" time="4.180" timestamp="2026-04-21T17:54:43.425172+00:00" hostname="agent-env-d8fca851-27f5-44dd-b67e-ce372adfce84"><testcase classname="backend.tests.test_iter3.TestFavourites" name="test_toggle_requires_auth" time="0.325" /><testcase classname="backend.tests.test_iter3.TestFavourites" name="test_toggle_rejects_vendor_role_403" time="0.398" /><testcase classname="backend.tests.test_iter3.TestFavourites" name="test_toggle_rejects_admin_role_403" time="0.385" /><testcase classname="backend.tests.test_iter3.TestFavourites" name="test_client_toggle_on_off" time="0.505" /><testcase classname="backend.tests.test_iter3.TestFavourites" name="test_favourites_list_shape" time="0.055" /><testcase classname="backend.tests.test_iter3.TestFavourites" name="test_favourites_list_requires_auth" time="0.121" /><testcase classname="backend.tests.test_iter3.TestFavourites" name="test_toggle_persists_and_reflects_in_list" time="0.296" /><testcase classname="backend.tests.test_iter3.TestPublicQuery" name="test_submit_query_public" time="0.133" /><testcase classname="backend.tests.test_iter3.TestPublicQuery" name="test_submit_query_invalid_email" time="0.138" /><testcase classname="backend.tests.test_iter3.TestPublicQuery" name="test_submit_query_short_message" time="0.127" /><testcase classname="backend.tests.test_iter3.TestAdminInbox" name="test_list_queries_requires_auth" time="0.106" /><testcase classname="backend.tests.test_iter3.TestAdminInbox" name="test_list_queries_client_forbidden" time="0.053" /><testcase classname="backend.tests.test_iter3.TestAdminInbox" name="test_list_queries_vendor_forbidden" time="0.056" /><testcase classname="backend.tests.test_iter3.TestAdminInbox" name="test_stats_requires_auth" time="0.108" /><testcase classname="backend.tests.test_iter3.TestAdminInbox" name="test_stats_client_forbidden" time="0.047" /><testcase classname="backend.tests.test_iter3.TestAdminInbox" name="test_admin_stats_shape" time="0.051" /><testcase classname="backend.tests.test_iter3.TestAdminInbox" name="test_admin_list_queries_sorted_desc" time="0.301" /><testcase classname="backend.tests.test_iter3.TestAdminInbox" name="test_patch_status_admin_and_persists" time="0.240" /><testcase classname="backend.tests.test_iter3.TestAdminInbox" name="test_patch_status_client_forbidden" time="0.065" /><testcase classname="backend.tests.test_iter3.TestAdminInbox" name="test_patch_invalid_status_422" time="0.049" /><testcase classname="backend.tests.test_iter3.TestAdminInbox" name="test_patch_unknown_id_404" time="0.052" /><testcase classname="backend.tests.test_iter3.TestAdminLogin" name="test_admin_can_login" time="0.331" /></testsuite></testsuites>