<?xml version="1.0" encoding="utf-8"?><testsuites name="pytest tests"><testsuite name="pytest" errors="0" failures="0" skipped="0" tests="12" time="17.110" timestamp="2026-04-21T12:52:12.943963+00:00" hostname="agent-env-d8fca851-27f5-44dd-b67e-ce372adfce84"><testcase classname="backend.tests.backend_test.TestCategories" name="test_categories_count_19" time="0.174" /><testcase classname="backend.tests.backend_test.TestVendors" name="test_list_vendors_sorted_by_rating" time="0.050" /><testcase classname="backend.tests.backend_test.TestVendors" name="test_filter_category_mehendi" time="0.049" /><testcase classname="backend.tests.backend_test.TestVendors" name="test_filter_max_budget" time="0.046" /><testcase classname="backend.tests.backend_test.TestVendors" name="test_filter_min_rating_and_verified" time="0.046" /><testcase classname="backend.tests.backend_test.TestVendors" name="test_text_search" time="0.048" /><testcase classname="backend.tests.backend_test.TestVendors" name="test_get_vendor_by_id" time="0.097" /><testcase classname="backend.tests.backend_test.TestVendors" name="test_get_vendor_not_found" time="0.045" /><testcase classname="backend.tests.backend_test.TestRealWeddings" name="test_real_weddings_returns_4" time="0.046" /><testcase classname="backend.tests.backend_test.TestMatchmaker" name="test_matchmaker_returns_top_3" time="5.613" /><testcase classname="backend.tests.backend_test.TestMatchmaker" name="test_matchmaker_low_budget_fallback" time="4.785" /><testcase classname="backend.tests.backend_test.TestMatchmaker" name="test_matchmaker_high_budget_any_city" time="5.974" /></testsuite></testsuites>