<?xml version="1.0" encoding="utf-8"?><testsuites name="pytest tests"><testsuite name="pytest" errors="0" failures="0" skipped="0" tests="22" time="25.546" timestamp="2026-04-21T17:54:51.959904+00:00" hostname="agent-env-d8fca851-27f5-44dd-b67e-ce372adfce84"><testcase classname="backend.tests.backend_test.TestCategories" name="test_categories_count_19" time="0.185" /><testcase classname="backend.tests.backend_test.TestVendors" name="test_list_vendors_sorted_by_rating" time="0.057" /><testcase classname="backend.tests.backend_test.TestVendors" name="test_filter_category_mehendi" time="0.056" /><testcase classname="backend.tests.backend_test.TestVendors" name="test_filter_max_budget" time="0.056" /><testcase classname="backend.tests.backend_test.TestVendors" name="test_filter_min_rating_and_verified" time="0.058" /><testcase classname="backend.tests.backend_test.TestVendors" name="test_text_search" time="0.060" /><testcase classname="backend.tests.backend_test.TestVendors" name="test_get_vendor_by_id" time="0.119" /><testcase classname="backend.tests.backend_test.TestVendors" name="test_get_vendor_not_found" time="0.056" /><testcase classname="backend.tests.backend_test.TestRealWeddings" name="test_real_weddings_returns_4" time="0.055" /><testcase classname="backend.tests.backend_test.TestMatchmaker" name="test_matchmaker_returns_top_3" time="7.400" /><testcase classname="backend.tests.backend_test.TestMatchmaker" name="test_matchmaker_low_budget_fallback" time="4.977" /><testcase classname="backend.tests.backend_test.TestMatchmaker" name="test_matchmaker_high_budget_any_city" time="9.063" /><testcase classname="backend.tests.backend_test.TestAuth" name="test_register_client_sets_cookie" time="0.379" /><testcase classname="backend.tests.backend_test.TestAuth" name="test_register_vendor_with_business_name" time="0.331" /><testcase classname="backend.tests.backend_test.TestAuth" name="test_register_duplicate_email_400" time="0.153" /><testcase classname="backend.tests.backend_test.TestAuth" name="test_login_wrong_role_returns_403" time="0.454" /><testcase classname="backend.tests.backend_test.TestAuth" name="test_login_wrong_password_401" time="0.329" /><testcase classname="backend.tests.backend_test.TestAuth" name="test_login_client_success_and_me" time="0.388" /><testcase classname="backend.tests.backend_test.TestAuth" name="test_me_without_cookie_returns_401" time="0.119" /><testcase classname="backend.tests.backend_test.TestAuth" name="test_logout_clears_cookie" time="0.488" /><testcase classname="backend.tests.backend_test.TestAuth" name="test_admin_login_as_client_is_forbidden" time="0.336" /><testcase classname="backend.tests.backend_test.TestAuth" name="test_password_hash_is_bcrypt_format" time="0.334" /></testsuite></testsuites>